[32m2025-01-15 23:45:08.294[0;39m [35m[background-preinit][0;39m [34m INFO[0;39m [36morg.hibernate.validator.internal.util.Version[0;39m - [33mHV000001: Hibernate Validator 8.0.1.Final
[0;39m[32m2025-01-15 23:45:08.323[0;39m [35m[main][0;39m [34m INFO[0;39m [36mcom.mjsec.ctf.CtfApplication[0;39m - [33mStarting CtfApplication using Java 17.0.10 with PID 31270 (/Users/mnsoo/Desktop/zerobase/Back/build/classes/java/main started by mnsoo in /Users/mnsoo/Desktop/zerobase/Back)
[0;39m[32m2025-01-15 23:45:08.324[0;39m [35m[main][0;39m [34m INFO[0;39m [36mcom.mjsec.ctf.CtfApplication[0;39m - [33mNo active profile set, falling back to 1 default profile: "default"
[0;39m[32m2025-01-15 23:45:08.951[0;39m [35m[main][0;39m [34m INFO[0;39m [36morg.springframework.data.repository.config.RepositoryConfigurationDelegate[0;39m - [33mBootstrapping Spring Data JPA repositories in DEFAULT mode.
[0;39m[32m2025-01-15 23:45:08.962[0;39m [35m[main][0;39m [34m INFO[0;39m [36morg.springframework.data.repository.config.RepositoryConfigurationDelegate[0;39m - [33mFinished Spring Data repository scanning in 6 ms. Found 0 JPA repository interfaces.
[0;39m[32m2025-01-15 23:45:09.257[0;39m [35m[main][0;39m [34m INFO[0;39m [36morg.springframework.boot.web.embedded.tomcat.TomcatWebServer[0;39m - [33mTomcat initialized with port 8080 (http)
[0;39m[32m2025-01-15 23:45:09.264[0;39m [35m[main][0;39m [34m INFO[0;39m [36morg.apache.coyote.http11.Http11NioProtocol[0;39m - [33mInitializing ProtocolHandler ["http-nio-8080"]
[0;39m[32m2025-01-15 23:45:09.265[0;39m [35m[main][0;39m [34m INFO[0;39m [36morg.apache.catalina.core.StandardService[0;39m - [33mStarting service [Tomcat]
[0;39m[32m2025-01-15 23:45:09.265[0;39m [35m[main][0;39m [34m INFO[0;39m [36morg.apache.catalina.core.StandardEngine[0;39m - [33mStarting Servlet engine: [Apache Tomcat/10.1.24]
[0;39m[32m2025-01-15 23:45:09.299[0;39m [35m[main][0;39m [34m INFO[0;39m [36morg.apache.catalina.core.ContainerBase.[Tomcat].[localhost].[/][0;39m - [33mInitializing Spring embedded WebApplicationContext
[0;39m[32m2025-01-15 23:45:09.299[0;39m [35m[main][0;39m [34m INFO[0;39m [36morg.springframework.boot.web.servlet.context.ServletWebServerApplicationContext[0;39m - [33mRoot WebApplicationContext: initialization completed in 938 ms
[0;39m[32m2025-01-15 23:45:09.341[0;39m [35m[main][0;39m [31m WARN[0;39m [36morg.springframework.boot.web.servlet.context.AnnotationConfigServletWebServerApplicationContext[0;39m - [33mException encountered during context initialization - cancelling refresh attempt: org.springframework.beans.factory.BeanCreationException: Error creating bean with name 'entityManagerFactory' defined in class path resource [org/springframework/boot/autoconfigure/orm/jpa/HibernateJpaConfiguration.class]: Failed to initialize dependency 'dataSourceScriptDatabaseInitializer' of LoadTimeWeaverAware bean 'entityManagerFactory': Error creating bean with name 'dataSourceScriptDatabaseInitializer' defined in class path resource [org/springframework/boot/autoconfigure/sql/init/DataSourceInitializationConfiguration.class]: Unsatisfied dependency expressed through method 'dataSourceScriptDatabaseInitializer' parameter 0: Error creating bean with name 'dataSource' defined in class path resource [org/springframework/boot/autoconfigure/jdbc/DataSourceConfiguration$Hikari.class]: Failed to instantiate [com.zaxxer.hikari.HikariDataSource]: Factory method 'dataSource' threw exception with message: Failed to determine a suitable driver class
[0;39m[32m2025-01-15 23:45:09.342[0;39m [35m[main][0;39m [34m INFO[0;39m [36morg.apache.catalina.core.StandardService[0;39m - [33mStopping service [Tomcat]
[0;39m[32m2025-01-15 23:45:09.356[0;39m [35m[main][0;39m [34m INFO[0;39m [36morg.springframework.boot.autoconfigure.logging.ConditionEvaluationReportLogger[0;39m - [33m

Error starting ApplicationContext. To display the condition evaluation report re-run your application with 'debug' enabled.
[0;39m[32m2025-01-15 23:45:09.366[0;39m [35m[main][0;39m [1;31mERROR[0;39m [36morg.springframework.boot.diagnostics.LoggingFailureAnalysisReporter[0;39m - [33m

***************************
APPLICATION FAILED TO START
***************************

Description:

Failed to configure a DataSource: 'url' attribute is not specified and no embedded datasource could be configured.

Reason: Failed to determine a suitable driver class


Action:

Consider the following:
	If you want an embedded database (H2, HSQL or Derby), please put it on the classpath.
	If you have database settings to be loaded from a particular profile you may need to activate it (no profiles are currently active).

[0;39m[32m2025-01-15 23:46:50.564[0;39m [35m[background-preinit][0;39m [34m INFO[0;39m [36morg.hibernate.validator.internal.util.Version[0;39m - [33mHV000001: Hibernate Validator 8.0.1.Final
[0;39m[32m2025-01-15 23:46:50.605[0;39m [35m[main][0;39m [34m INFO[0;39m [36mcom.mjsec.ctf.CtfApplication[0;39m - [33mStarting CtfApplication using Java 17.0.10 with PID 31624 (/Users/mnsoo/Desktop/zerobase/Back/build/classes/java/main started by mnsoo in /Users/mnsoo/Desktop/zerobase/Back)
[0;39m[32m2025-01-15 23:46:50.606[0;39m [35m[main][0;39m [34m INFO[0;39m [36mcom.mjsec.ctf.CtfApplication[0;39m - [33mNo active profile set, falling back to 1 default profile: "default"
[0;39m[32m2025-01-15 23:46:51.227[0;39m [35m[main][0;39m [34m INFO[0;39m [36morg.springframework.data.repository.config.RepositoryConfigurationDelegate[0;39m - [33mBootstrapping Spring Data JPA repositories in DEFAULT mode.
[0;39m[32m2025-01-15 23:46:51.237[0;39m [35m[main][0;39m [34m INFO[0;39m [36morg.springframework.data.repository.config.RepositoryConfigurationDelegate[0;39m - [33mFinished Spring Data repository scanning in 6 ms. Found 0 JPA repository interfaces.
[0;39m[32m2025-01-15 23:46:51.537[0;39m [35m[main][0;39m [34m INFO[0;39m [36morg.springframework.boot.web.embedded.tomcat.TomcatWebServer[0;39m - [33mTomcat initialized with port 8080 (http)
[0;39m[32m2025-01-15 23:46:51.544[0;39m [35m[main][0;39m [34m INFO[0;39m [36morg.apache.coyote.http11.Http11NioProtocol[0;39m - [33mInitializing ProtocolHandler ["http-nio-8080"]
[0;39m[32m2025-01-15 23:46:51.545[0;39m [35m[main][0;39m [34m INFO[0;39m [36morg.apache.catalina.core.StandardService[0;39m - [33mStarting service [Tomcat]
[0;39m[32m2025-01-15 23:46:51.545[0;39m [35m[main][0;39m [34m INFO[0;39m [36morg.apache.catalina.core.StandardEngine[0;39m - [33mStarting Servlet engine: [Apache Tomcat/10.1.24]
[0;39m[32m2025-01-15 23:46:51.580[0;39m [35m[main][0;39m [34m INFO[0;39m [36morg.apache.catalina.core.ContainerBase.[Tomcat].[localhost].[/][0;39m - [33mInitializing Spring embedded WebApplicationContext
[0;39m[32m2025-01-15 23:46:51.580[0;39m [35m[main][0;39m [34m INFO[0;39m [36morg.springframework.boot.web.servlet.context.ServletWebServerApplicationContext[0;39m - [33mRoot WebApplicationContext: initialization completed in 949 ms
[0;39m[32m2025-01-15 23:46:51.623[0;39m [35m[main][0;39m [31m WARN[0;39m [36morg.springframework.boot.web.servlet.context.AnnotationConfigServletWebServerApplicationContext[0;39m - [33mException encountered during context initialization - cancelling refresh attempt: org.springframework.beans.factory.BeanCreationException: Error creating bean with name 'entityManagerFactory' defined in class path resource [org/springframework/boot/autoconfigure/orm/jpa/HibernateJpaConfiguration.class]: Failed to initialize dependency 'dataSourceScriptDatabaseInitializer' of LoadTimeWeaverAware bean 'entityManagerFactory': Error creating bean with name 'dataSourceScriptDatabaseInitializer' defined in class path resource [org/springframework/boot/autoconfigure/sql/init/DataSourceInitializationConfiguration.class]: Unsatisfied dependency expressed through method 'dataSourceScriptDatabaseInitializer' parameter 0: Error creating bean with name 'dataSource' defined in class path resource [org/springframework/boot/autoconfigure/jdbc/DataSourceConfiguration$Hikari.class]: Failed to instantiate [com.zaxxer.hikari.HikariDataSource]: Factory method 'dataSource' threw exception with message: Failed to determine a suitable driver class
[0;39m[32m2025-01-15 23:46:51.624[0;39m [35m[main][0;39m [34m INFO[0;39m [36morg.apache.catalina.core.StandardService[0;39m - [33mStopping service [Tomcat]
[0;39m[32m2025-01-15 23:46:51.638[0;39m [35m[main][0;39m [34m INFO[0;39m [36morg.springframework.boot.autoconfigure.logging.ConditionEvaluationReportLogger[0;39m - [33m

Error starting ApplicationContext. To display the condition evaluation report re-run your application with 'debug' enabled.
[0;39m[32m2025-01-15 23:46:51.650[0;39m [35m[main][0;39m [1;31mERROR[0;39m [36morg.springframework.boot.diagnostics.LoggingFailureAnalysisReporter[0;39m - [33m

***************************
APPLICATION FAILED TO START
***************************

Description:

Failed to configure a DataSource: 'url' attribute is not specified and no embedded datasource could be configured.

Reason: Failed to determine a suitable driver class


Action:

Consider the following:
	If you want an embedded database (H2, HSQL or Derby), please put it on the classpath.
	If you have database settings to be loaded from a particular profile you may need to activate it (no profiles are currently active).

[0;39m