[32m2025-01-16 00:01:20.273[0;39m [35m[main][0;39m [1;31mERROR[0;39m [36morg.springframework.boot.diagnostics.LoggingFailureAnalysisReporter[0;39m - [33m

***************************
APPLICATION FAILED TO START
***************************

Description:

Failed to configure a DataSource: 'url' attribute is not specified and no embedded datasource could be configured.

Reason: Failed to determine a suitable driver class


Action:

Consider the following:
	If you want an embedded database (H2, HSQL or Derby), please put it on the classpath.
	If you have database settings to be loaded from a particular profile you may need to activate it (no profiles are currently active).

[0;39m[32m2025-01-16 00:02:36.238[0;39m [35m[main][0;39m [1;31mERROR[0;39m [36morg.springframework.boot.diagnostics.LoggingFailureAnalysisReporter[0;39m - [33m

***************************
APPLICATION FAILED TO START
***************************

Description:

Failed to configure a DataSource: 'url' attribute is not specified and no embedded datasource could be configured.

Reason: Failed to determine a suitable driver class


Action:

Consider the following:
	If you want an embedded database (H2, HSQL or Derby), please put it on the classpath.
	If you have database settings to be loaded from a particular profile you may need to activate it (no profiles are currently active).

[0;39m[32m2025-01-16 00:05:09.430[0;39m [35m[main][0;39m [1;31mERROR[0;39m [36morg.springframework.boot.diagnostics.LoggingFailureAnalysisReporter[0;39m - [33m

***************************
APPLICATION FAILED TO START
***************************

Description:

Failed to configure a DataSource: 'url' attribute is not specified and no embedded datasource could be configured.

Reason: Failed to determine a suitable driver class


Action:

Consider the following:
	If you want an embedded database (H2, HSQL or Derby), please put it on the classpath.
	If you have database settings to be loaded from a particular profile you may need to activate it (no profiles are currently active).

[0;39m[32m2025-01-16 00:09:36.977[0;39m [35m[main][0;39m [1;31mERROR[0;39m [36morg.springframework.boot.diagnostics.LoggingFailureAnalysisReporter[0;39m - [33m

***************************
APPLICATION FAILED TO START
***************************

Description:

Failed to configure a DataSource: 'url' attribute is not specified and no embedded datasource could be configured.

Reason: Failed to determine a suitable driver class


Action:

Consider the following:
	If you want an embedded database (H2, HSQL or Derby), please put it on the classpath.
	If you have database settings to be loaded from a particular profile you may need to activate it (no profiles are currently active).

[0;39m[32m2025-01-16 00:16:11.271[0;39m [35m[main][0;39m [1;31mERROR[0;39m [36morg.springframework.boot.diagnostics.LoggingFailureAnalysisReporter[0;39m - [33m

***************************
APPLICATION FAILED TO START
***************************

Description:

Failed to configure a DataSource: 'url' attribute is not specified and no embedded datasource could be configured.

Reason: Failed to determine a suitable driver class


Action:

Consider the following:
	If you want an embedded database (H2, HSQL or Derby), please put it on the classpath.
	If you have database settings to be loaded from a particular profile you may need to activate it (no profiles are currently active).

[0;39m[32m2025-01-16 00:17:52.947[0;39m [35m[main][0;39m [1;31mERROR[0;39m [36morg.springframework.boot.diagnostics.LoggingFailureAnalysisReporter[0;39m - [33m

***************************
APPLICATION FAILED TO START
***************************

Description:

Failed to configure a DataSource: 'url' attribute is not specified and no embedded datasource could be configured.

Reason: Failed to determine a suitable driver class


Action:

Consider the following:
	If you want an embedded database (H2, HSQL or Derby), please put it on the classpath.
	If you have database settings to be loaded from a particular profile you may need to activate it (no profiles are currently active).

[0;39m[32m2025-01-16 00:18:02.131[0;39m [35m[main][0;39m [1;31mERROR[0;39m [36morg.springframework.boot.diagnostics.LoggingFailureAnalysisReporter[0;39m - [33m

***************************
APPLICATION FAILED TO START
***************************

Description:

Failed to configure a DataSource: 'url' attribute is not specified and no embedded datasource could be configured.

Reason: Failed to determine a suitable driver class


Action:

Consider the following:
	If you want an embedded database (H2, HSQL or Derby), please put it on the classpath.
	If you have database settings to be loaded from a particular profile you may need to activate it (no profiles are currently active).

[0;39m[32m2025-01-16 00:21:13.773[0;39m [35m[main][0;39m [1;31mERROR[0;39m [36morg.springframework.boot.diagnostics.LoggingFailureAnalysisReporter[0;39m - [33m

***************************
APPLICATION FAILED TO START
***************************

Description:

Failed to configure a DataSource: 'url' attribute is not specified and no embedded datasource could be configured.

Reason: Failed to determine a suitable driver class


Action:

Consider the following:
	If you want an embedded database (H2, HSQL or Derby), please put it on the classpath.
	If you have database settings to be loaded from a particular profile you may need to activate it (no profiles are currently active).

[0;39m[32m2025-01-16 00:23:04.197[0;39m [35m[main][0;39m [1;31mERROR[0;39m [36morg.springframework.boot.diagnostics.LoggingFailureAnalysisReporter[0;39m - [33m

***************************
APPLICATION FAILED TO START
***************************

Description:

Failed to configure a DataSource: 'url' attribute is not specified and no embedded datasource could be configured.

Reason: Failed to determine a suitable driver class


Action:

Consider the following:
	If you want an embedded database (H2, HSQL or Derby), please put it on the classpath.
	If you have database settings to be loaded from a particular profile you may need to activate it (no profiles are currently active).

[0;39m[32m2025-01-16 00:28:10.423[0;39m [35m[main][0;39m [1;31mERROR[0;39m [36morg.springframework.boot.diagnostics.LoggingFailureAnalysisReporter[0;39m - [33m

***************************
APPLICATION FAILED TO START
***************************

Description:

Failed to configure a DataSource: 'url' attribute is not specified and no embedded datasource could be configured.

Reason: Failed to determine a suitable driver class


Action:

Consider the following:
	If you want an embedded database (H2, HSQL or Derby), please put it on the classpath.
	If you have database settings to be loaded from a particular profile you may need to activate it (no profiles are currently active).

[0;39m[32m2025-01-16 00:31:48.026[0;39m [35m[main][0;39m [1;31mERROR[0;39m [36morg.springframework.boot.diagnostics.LoggingFailureAnalysisReporter[0;39m - [33m

***************************
APPLICATION FAILED TO START
***************************

Description:

Failed to configure a DataSource: 'url' attribute is not specified and no embedded datasource could be configured.

Reason: Failed to determine a suitable driver class


Action:

Consider the following:
	If you want an embedded database (H2, HSQL or Derby), please put it on the classpath.
	If you have database settings to be loaded from a particular profile you may need to activate it (no profiles are currently active).

[0;39m[32m2025-01-16 00:37:07.647[0;39m [35m[main][0;39m [1;31mERROR[0;39m [36morg.springframework.boot.diagnostics.LoggingFailureAnalysisReporter[0;39m - [33m

***************************
APPLICATION FAILED TO START
***************************

Description:

Failed to configure a DataSource: 'url' attribute is not specified and no embedded datasource could be configured.

Reason: Failed to determine a suitable driver class


Action:

Consider the following:
	If you want an embedded database (H2, HSQL or Derby), please put it on the classpath.
	If you have database settings to be loaded from a particular profile you may need to activate it (no profiles are currently active).

[0;39m[32m2025-01-16 00:37:43.501[0;39m [35m[main][0;39m [1;31mERROR[0;39m [36morg.springframework.boot.diagnostics.LoggingFailureAnalysisReporter[0;39m - [33m

***************************
APPLICATION FAILED TO START
***************************

Description:

Failed to configure a DataSource: 'url' attribute is not specified and no embedded datasource could be configured.

Reason: Failed to determine a suitable driver class


Action:

Consider the following:
	If you want an embedded database (H2, HSQL or Derby), please put it on the classpath.
	If you have database settings to be loaded from a particular profile you may need to activate it (no profiles are currently active).

[0;39m